[      44ms] [INFO] %cDownload the React DevTools for a better development experience: https://react.dev/link/react-devtools font-weight:bold @ http://localhost:5173/node_modules/.vite/deps/react-dom_client.js?v=46cefa47:14336
[  644167ms] ReferenceError: deslocamentoPorRaca is not defined
    at Combat (http://localhost:5173/src/components/Combat.jsx?t=1776021927367:47:21)
    at Object.react_stack_bottom_frame (http://localhost:5173/node_modules/.vite/deps/react-dom_client.js?v=46cefa47:12867:12)
    at renderWithHooks (http://localhost:5173/node_modules/.vite/deps/react-dom_client.js?v=46cefa47:4212:19)
    at updateFunctionComponent (http://localhost:5173/node_modules/.vite/deps/react-dom_client.js?v=46cefa47:5568:16)
    at beginWork (http://localhost:5173/node_modules/.vite/deps/react-dom_client.js?v=46cefa47:6139:20)
    at runWithFiberInDEV (http://localhost:5173/node_modules/.vite/deps/react-dom_client.js?v=46cefa47:850:66)
    at performUnitOfWork (http://localhost:5173/node_modules/.vite/deps/react-dom_client.js?v=46cefa47:8428:92)
    at workLoopSync (http://localhost:5173/node_modules/.vite/deps/react-dom_client.js?v=46cefa47:8324:37)
    at renderRootSync (http://localhost:5173/node_modules/.vite/deps/react-dom_client.js?v=46cefa47:8308:6)
    at performWorkOnRoot (http://localhost:5173/node_modules/.vite/deps/react-dom_client.js?v=46cefa47:7993:27)
[  644167ms] [WARNING] %s

%s
 An error occurred in the <Combat> component. Consider adding an error boundary to your tree to customize error handling behavior.
Visit https://react.dev/link/error-boundaries to learn more about error boundaries. @ http://localhost:5173/node_modules/.vite/deps/react-dom_client.js?v=46cefa47:5256
[  977046ms] ReferenceError: ca is not defined
    at Combat (http://localhost:5173/src/components/Combat.jsx?t=1776022260247:277:19)
    at Object.react_stack_bottom_frame (http://localhost:5173/node_modules/.vite/deps/react-dom_client.js?v=46cefa47:12867:12)
    at renderWithHooks (http://localhost:5173/node_modules/.vite/deps/react-dom_client.js?v=46cefa47:4212:19)
    at updateFunctionComponent (http://localhost:5173/node_modules/.vite/deps/react-dom_client.js?v=46cefa47:5568:16)
    at beginWork (http://localhost:5173/node_modules/.vite/deps/react-dom_client.js?v=46cefa47:6139:20)
    at runWithFiberInDEV (http://localhost:5173/node_modules/.vite/deps/react-dom_client.js?v=46cefa47:850:66)
    at performUnitOfWork (http://localhost:5173/node_modules/.vite/deps/react-dom_client.js?v=46cefa47:8428:92)
    at workLoopSync (http://localhost:5173/node_modules/.vite/deps/react-dom_client.js?v=46cefa47:8324:37)
    at renderRootSync (http://localhost:5173/node_modules/.vite/deps/react-dom_client.js?v=46cefa47:8308:6)
    at performWorkOnRoot (http://localhost:5173/node_modules/.vite/deps/react-dom_client.js?v=46cefa47:7993:27)
[  977045ms] [WARNING] %s

%s
 An error occurred in the <Combat> component. Consider adding an error boundary to your tree to customize error handling behavior.
Visit https://react.dev/link/error-boundaries to learn more about error boundaries. @ http://localhost:5173/node_modules/.vite/deps/react-dom_client.js?v=46cefa47:5256
[ 1212819ms] [ERROR] Failed to load resource: the server responded with a status of 500 (Internal Server Error) @ http://localhost:5173/src/components/Combat.jsx?t=1776022496041:0
[ 1212820ms] [ERROR] [vite] Failed to reload /src/components/Combat.jsx. This could be due to syntax errors or importing non-existent modules. (see errors above) @ http://localhost:5173/@vite/client:904
[ 1218047ms] [ERROR] Failed to load resource: the server responded with a status of 500 (Internal Server Error) @ http://localhost:5173/src/components/Combat.jsx?t=1776022501270:0
[ 1218047ms] [ERROR] [vite] Failed to reload /src/components/Combat.jsx. This could be due to syntax errors or importing non-existent modules. (see errors above) @ http://localhost:5173/@vite/client:904
[ 1224197ms] [ERROR] Failed to load resource: the server responded with a status of 500 (Internal Server Error) @ http://localhost:5173/src/components/Combat.jsx?t=1776022507421:0
[ 1224197ms] [ERROR] [vite] Failed to reload /src/components/Combat.jsx. This could be due to syntax errors or importing non-existent modules. (see errors above) @ http://localhost:5173/@vite/client:904
[ 2341919ms] [ERROR] [vite] SyntaxError: The requested module '/src/data/bonusRaciais.js' does not provide an export named 'getBonusRacial' @ http://localhost:5173/@vite/client:904
[ 2341919ms] [ERROR] [vite] Failed to reload /src/context/CharacterContext.jsx. This could be due to syntax errors or importing non-existent modules. (see errors above) @ http://localhost:5173/@vite/client:904
[ 2349426ms] [ERROR] [vite] SyntaxError: The requested module '/src/data/bonusRaciais.js' does not provide an export named 'getBonusRacial' @ http://localhost:5173/@vite/client:904
[ 2349426ms] [ERROR] [vite] Failed to reload /src/context/CharacterContext.jsx. This could be due to syntax errors or importing non-existent modules. (see errors above) @ http://localhost:5173/@vite/client:904
[ 2397346ms] [ERROR] Failed to load resource: the server responded with a status of 500 (Internal Server Error) @ http://localhost:5173/src/context/CharacterContext.jsx?t=1776023680569:0
[ 2397346ms] [ERROR] [vite] Failed to reload /src/context/CharacterContext.jsx. This could be due to syntax errors or importing non-existent modules. (see errors above) @ http://localhost:5173/@vite/client:904
[ 2450090ms] [ERROR] Failed to load resource: the server responded with a status of 500 (Internal Server Error) @ http://localhost:5173/src/context/CharacterContext.jsx?t=1776023733290:0
[ 2450090ms] [ERROR] [vite] Failed to reload /src/components/Kit.jsx. This could be due to syntax errors or importing non-existent modules. (see errors above) @ http://localhost:5173/@vite/client:904
[ 2450090ms] [ERROR] [vite] Failed to reload /src/App.jsx. This could be due to syntax errors or importing non-existent modules. (see errors above) @ http://localhost:5173/@vite/client:904
[ 2450090ms] [ERROR] [vite] Failed to reload /src/components/Weapons.jsx. This could be due to syntax errors or importing non-existent modules. (see errors above) @ http://localhost:5173/@vite/client:904
[ 2450090ms] [ERROR] [vite] Failed to reload /src/components/Combat.jsx. This could be due to syntax errors or importing non-existent modules. (see errors above) @ http://localhost:5173/@vite/client:904
[ 2450090ms] [ERROR] [vite] Failed to reload /src/components/CharacterHeader.jsx. This could be due to syntax errors or importing non-existent modules. (see errors above) @ http://localhost:5173/@vite/client:904
[ 2450091ms] [ERROR] [vite] Failed to reload /src/components/Pericias.jsx. This could be due to syntax errors or importing non-existent modules. (see errors above) @ http://localhost:5173/@vite/client:904
[ 2450091ms] [ERROR] [vite] Failed to reload /src/components/Atributos.jsx. This could be due to syntax errors or importing non-existent modules. (see errors above) @ http://localhost:5173/@vite/client:904
[ 2450091ms] [ERROR] [vite] Failed to reload /src/components/Equipment.jsx. This could be due to syntax errors or importing non-existent modules. (see errors above) @ http://localhost:5173/@vite/client:904
[ 4674728ms] [LOG] [vite] server connection lost. Polling for restart... @ http://localhost:5173/@vite/client:968
[ 4680249ms] [INFO] %cDownload the React DevTools for a better development experience: https://react.dev/link/react-devtools font-weight:bold @ http://localhost:5173/node_modules/.vite/deps/react-dom_client.js?v=572f3280:14336
