[      89ms] [INFO] %cDownload the React DevTools for a better development experience: https://react.dev/link/react-devtools font-weight:bold @ http://localhost:5173/node_modules/.vite/deps/react-dom_client.js?v=f7b565bc:14336
[     213ms] ReferenceError: Cannot access 'totalCarrinho' before initialization
    at Loja (http://localhost:5173/src/components/Loja.jsx?t=1776042106106:29:45)
    at Object.react_stack_bottom_frame (http://localhost:5173/node_modules/.vite/deps/react-dom_client.js?v=f7b565bc:12867:12)
    at renderWithHooks (http://localhost:5173/node_modules/.vite/deps/react-dom_client.js?v=f7b565bc:4212:19)
    at updateFunctionComponent (http://localhost:5173/node_modules/.vite/deps/react-dom_client.js?v=f7b565bc:5568:16)
    at beginWork (http://localhost:5173/node_modules/.vite/deps/react-dom_client.js?v=f7b565bc:6139:20)
    at runWithFiberInDEV (http://localhost:5173/node_modules/.vite/deps/react-dom_client.js?v=f7b565bc:850:66)
    at performUnitOfWork (http://localhost:5173/node_modules/.vite/deps/react-dom_client.js?v=f7b565bc:8428:92)
    at workLoopSync (http://localhost:5173/node_modules/.vite/deps/react-dom_client.js?v=f7b565bc:8324:37)
    at renderRootSync (http://localhost:5173/node_modules/.vite/deps/react-dom_client.js?v=f7b565bc:8308:6)
    at performWorkOnRoot (http://localhost:5173/node_modules/.vite/deps/react-dom_client.js?v=f7b565bc:7993:27)
[     213ms] [WARNING] %s

%s
 An error occurred in the <Loja> component. Consider adding an error boundary to your tree to customize error handling behavior.
Visit https://react.dev/link/error-boundaries to learn more about error boundaries. @ http://localhost:5173/node_modules/.vite/deps/react-dom_client.js?v=f7b565bc:5256
[   16714ms] [INFO] %cDownload the React DevTools for a better development experience: https://react.dev/link/react-devtools font-weight:bold @ http://localhost:5173/node_modules/.vite/deps/react-dom_client.js?v=f7b565bc:14336
[   16814ms] ReferenceError: Cannot access 'totalCarrinho' before initialization
    at Loja (http://localhost:5173/src/components/Loja.jsx?t=1776042106106:29:45)
    at Object.react_stack_bottom_frame (http://localhost:5173/node_modules/.vite/deps/react-dom_client.js?v=f7b565bc:12867:12)
    at renderWithHooks (http://localhost:5173/node_modules/.vite/deps/react-dom_client.js?v=f7b565bc:4212:19)
    at updateFunctionComponent (http://localhost:5173/node_modules/.vite/deps/react-dom_client.js?v=f7b565bc:5568:16)
    at beginWork (http://localhost:5173/node_modules/.vite/deps/react-dom_client.js?v=f7b565bc:6139:20)
    at runWithFiberInDEV (http://localhost:5173/node_modules/.vite/deps/react-dom_client.js?v=f7b565bc:850:66)
    at performUnitOfWork (http://localhost:5173/node_modules/.vite/deps/react-dom_client.js?v=f7b565bc:8428:92)
    at workLoopSync (http://localhost:5173/node_modules/.vite/deps/react-dom_client.js?v=f7b565bc:8324:37)
    at renderRootSync (http://localhost:5173/node_modules/.vite/deps/react-dom_client.js?v=f7b565bc:8308:6)
    at performWorkOnRoot (http://localhost:5173/node_modules/.vite/deps/react-dom_client.js?v=f7b565bc:7993:27)
[   16816ms] [WARNING] %s

%s
 An error occurred in the <Loja> component. Consider adding an error boundary to your tree to customize error handling behavior.
Visit https://react.dev/link/error-boundaries to learn more about error boundaries. @ http://localhost:5173/node_modules/.vite/deps/react-dom_client.js?v=f7b565bc:5256
