[      37ms] [INFO] %cDownload the React DevTools for a better development experience: https://react.dev/link/react-devtools font-weight:bold @ http://localhost:5173/node_modules/.vite/deps/react-dom_client.js?v=f7b565bc:14336
[   22427ms] TypeError: Cannot read properties of undefined (reading 'toLowerCase')
    at http://localhost:5173/src/components/Loja.jsx?t=1776042598389:91:54
    at Array.find (<anonymous>)
    at http://localhost:5173/src/components/Loja.jsx?t=1776042598389:91:32
    at Array.forEach (<anonymous>)
    at comprarKitBasico (http://localhost:5173/src/components/Loja.jsx?t=1776042598389:90:22)
    at executeDispatch (http://localhost:5173/node_modules/.vite/deps/react-dom_client.js?v=f7b565bc:9140:5)
    at runWithFiberInDEV (http://localhost:5173/node_modules/.vite/deps/react-dom_client.js?v=f7b565bc:850:66)
    at processDispatchQueue (http://localhost:5173/node_modules/.vite/deps/react-dom_client.js?v=f7b565bc:9166:27)
    at http://localhost:5173/node_modules/.vite/deps/react-dom_client.js?v=f7b565bc:9453:5
    at batchedUpdates$1 (http://localhost:5173/node_modules/.vite/deps/react-dom_client.js?v=f7b565bc:2043:12)
[   66965ms] TypeError: Cannot read properties of undefined (reading 'toLowerCase')
    at http://localhost:5173/src/components/Loja.jsx?t=1776042598389:91:54
    at Array.find (<anonymous>)
    at http://localhost:5173/src/components/Loja.jsx?t=1776042598389:91:32
    at Array.forEach (<anonymous>)
    at comprarKitBasico (http://localhost:5173/src/components/Loja.jsx?t=1776042598389:90:22)
    at executeDispatch (http://localhost:5173/node_modules/.vite/deps/react-dom_client.js?v=f7b565bc:9140:5)
    at runWithFiberInDEV (http://localhost:5173/node_modules/.vite/deps/react-dom_client.js?v=f7b565bc:850:66)
    at processDispatchQueue (http://localhost:5173/node_modules/.vite/deps/react-dom_client.js?v=f7b565bc:9166:27)
    at http://localhost:5173/node_modules/.vite/deps/react-dom_client.js?v=f7b565bc:9453:5
    at batchedUpdates$1 (http://localhost:5173/node_modules/.vite/deps/react-dom_client.js?v=f7b565bc:2043:12)
[  207477ms] [ERROR] [vite] SyntaxError: The requested module '/src/data/opcoes.js' does not provide an export named 'getModificador' @ http://localhost:5173/@vite/client:904
[  207477ms] [ERROR] [vite] Failed to reload /src/components/Loja.jsx. This could be due to syntax errors or importing non-existent modules. (see errors above) @ http://localhost:5173/@vite/client:904
